#
# A fatal error has been detected by the Java Runtime Environment:
#
#  SIGBUS (0xa) at pc=0x00007fff6d8299f0, pid=13481, tid=0x0000000000009903
#
# JRE version: OpenJDK Runtime Environment (8.0_282-b08) (build 1.8.0_282-b08)
# Java VM: OpenJDK 64-Bit Server VM (25.282-b08 mixed mode bsd-amd64 compressed oops)
# Problematic frame:
# C  [libsystem_platform.dylib+0x9f0]  _platform_memmove$VARIANT$Haswell+0xf0
#
# Failed to write core dump. Core dumps have been disabled. To enable core dumping, try "ulimit -c unlimited" before starting Java again
#
# If you would like to submit a bug report, please visit:
#   https://github.com/AdoptOpenJDK/openjdk-support/issues
#

---------------  T H R E A D  ---------------

Current thread (0x00007ff0f63a8800):  JavaThread "http-nio-8080-exec-1" daemon [_thread_in_vm, id=39171, stack(0x00007000035cb000,0x00007000036cb000)]

siginfo: si_signo: 10 (SIGBUS), si_code: 2 (BUS_ADRERR), si_addr: 0x000000010c409000

Registers:
RAX=0x000000079b2b4ea8, RBX=0x000000010c409000, RCX=0x000000079f6bdfbd, RDX=0x0000000000000135
RSP=0x00007000036c8090, RBP=0x00007000036c8090, RSI=0x000000010c409000, RDI=0x000000079b2b4ea8
R8 =0x00007000036c81b8, R9 =0x0000000000000010, R10=0x00000001101743db, R11=0x000000068eeabea8
R12=0x000000010c409000, R13=0x00007000036c81b8, R14=0x000000079b2b4e98, R15=0x0000000000000000
RIP=0x00007fff6d8299f0, EFLAGS=0x0000000000010287, ERR=0x0000000000000004
  TRAPNO=0x000000000000000e

Top of Stack: (sp=0x00007000036c8090)
0x00007000036c8090:   00007000036c80e0 00000001027753a3
0x00007000036c80a0:   00007ff0f63a8800 00007ff0f63a8800
0x00007000036c80b0:   0000000000000010 0000000107b31dc0
0x00007000036c80c0:   0000000000000000 0000000107b31dc0
0x00007000036c80d0:   00007000036c81d8 00007ff0f63a8800
0x00007000036c80e0:   00007000036c8178 0000000110174407
0x00007000036c80f0:   0000000000000135 00000000025c90ad
0x00007000036c8100:   00007000036c8148 0000000000000001
0x00007000036c8110:   00007000036c81c0 00007000036c8520
0x00007000036c8120:   00007ff0f63a8800 00007ff0f63a8800
0x00007000036c8130:   00007000036c81a0 00007000036c8138
0x00007000036c8140:   0000000000000000 00007000036c81d8
0x00007000036c8150:   0000000107b5f9e0 0000000000000000
0x00007000036c8160:   0000000107b31dc0 0000000000000000
0x00007000036c8170:   00007000036c8198 00007000036c8220
0x00007000036c8180:   0000000110163ffd 0000000000000000
0x00007000036c8190:   000000011016da58 0000000000000135
0x00007000036c81a0:   00007000036c8200 0000000000000010
0x00007000036c81b0:   00007000036c81e0 000000079b2b4e98
0x00007000036c81c0:   000000010c409000 00007ff0f63a8800
0x00007000036c81d0:   0000000000000000 000000074016c1d8
0x00007000036c81e0:   00007000036c81e0 0000000107c1339a
0x00007000036c81f0:   00007000036c8290 0000000107c13f68
0x00007000036c8200:   0000000000000000 0000000107c133c8
0x00007000036c8210:   00007000036c8198 00007000036c8250
0x00007000036c8220:   00007000036c82d8 0000000110163ffd
0x00007000036c8230:   0000000000000135 0000000000000000
0x00007000036c8240:   0000000000000010 0000000000000000
0x00007000036c8250:   0000000000000135 0000000000000000
0x00007000036c8260:   0000000000000000 0000000000000000
0x00007000036c8270:   0000000000000010 00007000036c82d8
0x00007000036c8280:   000000079b2b4e98 000000010c409000 

Instructions: (pc=0x00007fff6d8299f0)
0x00007fff6d8299d0:   42 8a 4c 06 01 42 88 4c 07 01 49 83 c0 02 48 83
0x00007fff6d8299e0:   ea 01 75 de 5d c3 66 2e 0f 1f 84 00 00 00 00 00
0x00007fff6d8299f0:   c5 fc 10 06 48 83 c7 20 48 83 e7 e0 48 89 f9 48
0x00007fff6d829a00:   29 c1 48 01 ce 48 29 ca c5 fc 10 0e c5 fc 11 00 

Register to memory mapping:

RAX=0x000000079b2b4ea8 is an oop
