#
# A fatal error has been detected by the Java Runtime Environment:
#
#  SIGBUS (0xa) at pc=0x00007fff6d8299f0, pid=13474, tid=0x0000000000009f03
#
# JRE version: OpenJDK Runtime Environment (8.0_282-b08) (build 1.8.0_282-b08)
# Java VM: OpenJDK 64-Bit Server VM (25.282-b08 mixed mode bsd-amd64 compressed oops)
# Problematic frame:
# C  [libsystem_platform.dylib+0x9f0]  _platform_memmove$VARIANT$Haswell+0xf0
#
# Failed to write core dump. Core dumps have been disabled. To enable core dumping, try "ulimit -c unlimited" before starting Java again
#
# If you would like to submit a bug report, please visit:
#   https://github.com/AdoptOpenJDK/openjdk-support/issues
#

---------------  T H R E A D  ---------------

Current thread (0x00007fc2602a4800):  JavaThread "http-nio-8080-exec-1" daemon [_thread_in_vm, id=40707, stack(0x0000700009f61000,0x000070000a061000)]

siginfo: si_signo: 10 (SIGBUS), si_code: 2 (BUS_ADRERR), si_addr: 0x000000010ab57000

Registers:
RAX=0x000000079b231588, RBX=0x000000010ab57000, RCX=0x000000079bb775bd, RDX=0x0000000000000135
RSP=0x000070000a05e0b0, RBP=0x000070000a05e0b0, RSI=0x000000010ab57000, RDI=0x000000079b231588
R8 =0x000070000a05e1d8, R9 =0x0000000000000010, R10=0x000000010ac8b3db, R11=0x00000006906da588
R12=0x000000010ab57000, R13=0x000070000a05e1d8, R14=0x000000079b231578, R15=0x0000000000000000
RIP=0x00007fff6d8299f0, EFLAGS=0x0000000000010287, ERR=0x0000000000000004
  TRAPNO=0x000000000000000e

Top of Stack: (sp=0x000070000a05e0b0)
0x000070000a05e0b0:   000070000a05e100 0000000102e553a3
0x000070000a05e0c0:   00007fc2602a4800 00007fc2602a4800
0x000070000a05e0d0:   0000000000000010 00000001092ebdc0
0x000070000a05e0e0:   0000000000000000 00000001092ebdc0
0x000070000a05e0f0:   000070000a05e1f8 00007fc2602a4800
0x000070000a05e100:   000070000a05e198 000000010ac8b407
0x000070000a05e110:   0000000000000135 00000000c05bc510
0x000070000a05e120:   000070000a05e168 0000000000000001
0x000070000a05e130:   000070000a05e1e0 000070000a05e5e0
0x000070000a05e140:   00007fc2602a4800 00007fc2602a4800
0x000070000a05e150:   000070000a05e1c0 000070000a05e158
0x000070000a05e160:   0000000000000000 000070000a05e1f8
0x000070000a05e170:   00000001093199e0 0000000000000000
0x000070000a05e180:   00000001092ebdc0 0000000000000000
0x000070000a05e190:   000070000a05e1b8 000070000a05e240
0x000070000a05e1a0:   000000010ac7affd 0000000000000000
0x000070000a05e1b0:   000000010ac84a58 0000000000000135
0x000070000a05e1c0:   000070000a05e220 0000000000000010
0x000070000a05e1d0:   00007fc2602a4800 000000079b231578
0x000070000a05e1e0:   000000010ab57000 00007fc2602a4800
0x000070000a05e1f0:   0000000000000000 000000074018c888
0x000070000a05e200:   000070000a05e200 00000001093cd39a
0x000070000a05e210:   000070000a05e2b0 00000001093cdf68
0x000070000a05e220:   0000000000000000 00000001093cd3c8
0x000070000a05e230:   000070000a05e1b8 000070000a05e270
0x000070000a05e240:   000070000a05e2f8 000000010ac7affd
0x000070000a05e250:   0000000000000135 0000000000000000
0x000070000a05e260:   0000000000000010 0000000000000000
0x000070000a05e270:   0000000000000135 0000000000000000
0x000070000a05e280:   0000000000000000 0000000000000000
0x000070000a05e290:   0000000000000010 000070000a05e2f8
0x000070000a05e2a0:   000000079b231578 000000010ab57000 

Instructions: (pc=0x00007fff6d8299f0)
0x00007fff6d8299d0:   42 8a 4c 06 01 42 88 4c 07 01 49 83 c0 02 48 83
0x00007fff6d8299e0:   ea 01 75 de 5d c3 66 2e 0f 1f 84 00 00 00 00 00
0x00007fff6d8299f0:   c5 fc 10 06 48 83 c7 20 48 83 e7 e0 48 89 f9 48
0x00007fff6d829a00:   29 c1 48 01 ce 48 29 ca c5 fc 10 0e c5 fc 11 00 

Register to memory mapping:

RAX=0x000000079b231588 is an oop
