#
# A fatal error has been detected by the Java Runtime Environment:
#
#  SIGBUS (0xa) at pc=0x00007fff6d8299f0, pid=13503, tid=0x0000000000009203
#
# JRE version: OpenJDK Runtime Environment (8.0_282-b08) (build 1.8.0_282-b08)
# Java VM: OpenJDK 64-Bit Server VM (25.282-b08 mixed mode bsd-amd64 compressed oops)
# Problematic frame:
# C  [libsystem_platform.dylib+0x9f0]  _platform_memmove$VARIANT$Haswell+0xf0
#
# Failed to write core dump. Core dumps have been disabled. To enable core dumping, try "ulimit -c unlimited" before starting Java again
#
# If you would like to submit a bug report, please visit:
#   https://github.com/AdoptOpenJDK/openjdk-support/issues
#

---------------  T H R E A D  ---------------

Current thread (0x00007fcf68d9a800):  JavaThread "http-nio-8080-exec-2" daemon [_thread_in_vm, id=37379, stack(0x0000700008e38000,0x0000700008f38000)]

siginfo: si_signo: 10 (SIGBUS), si_code: 2 (BUS_ADRERR), si_addr: 0x00000001218a3000

Registers:
RAX=0x000000079bc81ce8, RBX=0x00000001218a3000, RCX=0x00000007bbca3dfd, RDX=0x0000000000000135
RSP=0x0000700008f35050, RBP=0x0000700008f35050, RSI=0x00000001218a3000, RDI=0x000000079bc81ce8
R8 =0x0000700008f35178, R9 =0x0000000000000010, R10=0x00000001095177bc, R11=0x000000067a3dece8
R12=0x00000001218a3000, R13=0x0000700008f35178, R14=0x000000079bc81cd8, R15=0x0000000000000000
RIP=0x00007fff6d8299f0, EFLAGS=0x0000000000010287, ERR=0x0000000000000004
  TRAPNO=0x000000000000000e

Top of Stack: (sp=0x0000700008f35050)
0x0000700008f35050:   0000700008f350a0 0000000108b753a3
0x0000700008f35060:   00007fcf68d9a800 00007fcf68d9a800
0x0000700008f35070:   0000000000000010 000000011d024d08
0x0000700008f35080:   0000000000000000 000000011d024d08
0x0000700008f35090:   0000700008f35198 00007fcf68d9a800
0x0000700008f350a0:   0000700008f35138 00000001095177e8
0x0000700008f350b0:   0000000000000135 000000011d024d08
0x0000700008f350c0:   0000000000000000 000000011d024d08
0x0000700008f350d0:   0000700008f35198 00007fcf68d9a800
0x0000700008f350e0:   0000700008f35138 00000001095173cc
0x0000700008f350f0:   000000010951738a 0000700008f350f8
0x0000700008f35100:   000000011d024d08 0000700008f35198
0x0000700008f35110:   000000011d053528 0000000000000000
0x0000700008f35120:   000000011d024d08 0000000000000000
0x0000700008f35130:   0000700008f35158 0000700008f351e0
0x0000700008f35140:   00000001094ff09d 0000000000000000
0x0000700008f35150:   000000010950da78 0000000000000135
0x0000700008f35160:   0000000000000000 0000000000000010
0x0000700008f35170:   0000700008f35250 000000079bc81cd8
0x0000700008f35180:   00000001218a3000 00000001095105a3
0x0000700008f35190:   0000000000000000 00000007400b4f78
0x0000700008f351a0:   0000700008f351a0 000000011d10911a
0x0000700008f351b0:   0000700008f35250 000000011d109ee0
0x0000700008f351c0:   0000000000000000 000000011d109148
0x0000700008f351d0:   0000700008f35158 0000700008f35210
0x0000700008f351e0:   0000700008f35298 00000001094ff09d
0x0000700008f351f0:   0000000000000135 0000000000000000
0x0000700008f35200:   0000000000000010 0000000000000000
0x0000700008f35210:   0000000000000135 0000000000000000
0x0000700008f35220:   0000000000000000 0000000000000000
0x0000700008f35230:   0000000000000010 0000700008f35298
0x0000700008f35240:   000000079bc81cd8 00000001218a3000 

Instructions: (pc=0x00007fff6d8299f0)
0x00007fff6d8299d0:   42 8a 4c 06 01 42 88 4c 07 01 49 83 c0 02 48 83
0x00007fff6d8299e0:   ea 01 75 de 5d c3 66 2e 0f 1f 84 00 00 00 00 00
0x00007fff6d8299f0:   c5 fc 10 06 48 83 c7 20 48 83 e7 e0 48 89 f9 48
0x00007fff6d829a00:   29 c1 48 01 ce 48 29 ca c5 fc 10 0e c5 fc 11 00 

Register to memory mapping:

RAX=0x000000079bc81ce8 is an oop
